{"commitSha":"5d3a243e795e2d4186c4d92702377d688947072d","operation":"write_markdown","path":"projects/active/workflow-test-20260205-203730/notes.md","summary":"append","timestamp":"2026-02-05T20:37:30.937651+00:00"}
{"commitSha":"a65e2b70d45b3e797e6987e46564731d1c7478fd","operation":"edit_markdown","path":"projects/active/workflow-test-20260205-203730/spec.md","summary":"replace_section (## Scope)","timestamp":"2026-02-05T20:37:31.033535+00:00"}
{"commitSha":"40034d6123d5e05f28e00b26a10b3f8e2486c927","operation":"delete_markdown","path":"projects/active/workflow-test-20260205-203730/notes.md","summary":"delete file","timestamp":"2026-02-05T20:37:31.184379+00:00"}
{"commitSha":"3e2db4e05c61dde4ba69a55ad3106d7324478214","operation":"write_markdown","path":"projects/active/workflow-test-20260205-230500/notes.md","summary":"append","timestamp":"2026-02-05T23:05:07.708005+00:00"}
{"commitSha":"d1b60d57a19e7642cc66b824517886085f6b43a5","operation":"delete_markdown","path":"projects/active/workflow-test-20260205-230500/notes.md","summary":"delete file","timestamp":"2026-02-05T23:05:16.742358+00:00"}
{"commitSha":"5851fa53c9cba6332fac8cc6db66c9436ffb55bd","operation":"create_project","path":"projects/library","summary":"create project","timestamp":"2026-02-06T13:16:58.771888+00:00"}
{"commitSha":"e0afae4376f91b2ca2b74cd9d6d052d6d2316b10","operation":"create_project","path":"projects/active/Library","summary":"create project","timestamp":"2026-02-06T13:47:30.506209+00:00"}
{"commitSha":"88e477c3553f448ca6a8f46b51d37ef111afbd17","operation":"write_markdown","path":"projects/active/Library/notes.md","summary":"append","timestamp":"2026-02-06T13:47:32.108156+00:00"}
{"commitSha":"867e9046b48e87ada1516a437748dd85fe4c6bb6","operation":"delete_markdown","path":"projects/active/Library/notes.md","summary":"delete file","timestamp":"2026-02-06T13:47:34.905852+00:00"}
{"commitSha":"151ec3e61092de352027c16f340d1fe2c82713fd","operation":"create_markdown","path":"projects/active/Library/notes.md","summary":"create file","timestamp":"2026-02-06T13:48:27.117265+00:00"}
{"commitSha":"eb1c746902a574d155dfb34315f1a2489a0ea124","operation":"write_markdown","path":"projects/active/Library/spec.md","summary":"append","timestamp":"2026-02-06T13:48:28.553679+00:00"}
{"commitSha":"fcd5742e6fc29cbc2733c1945ac5ee68d8c895e2","operation":"delete_markdown","path":"projects/active/Library/notes.md","summary":"delete file","timestamp":"2026-02-06T13:48:29.977830+00:00"}
{"commitSha":"1324fbfaceb2e0d6970a2b2d3c5beede0249e995","operation":"create_markdown","path":"projects/active/Library/notes.md","summary":"create file","timestamp":"2026-02-06T13:49:07.444532+00:00"}
{"commitSha":"e73eec5af6731cd094dc61df4a5025b4af44a2d1","operation":"edit_markdown","path":"projects/active/Library/spec.md","summary":"replace_section (## Scope)","timestamp":"2026-02-06T13:49:08.910285+00:00"}
{"commitSha":"d7fcacf37852e25b34a13c26886103dc1364fb4d","operation":"delete_markdown","path":"projects/active/Library/notes.md","summary":"delete file","timestamp":"2026-02-06T13:49:10.355901+00:00"}
{"commitSha":"2bcfcb26d0b2238aea8491e2fe91347fb5826267","operation":"edit_markdown","path":"projects/active/Library/spec.md","summary":"replace_section (## Scope)","timestamp":"2026-02-06T13:58:29.492323+00:00"}
{"commitSha":"703900ecf07f9cc957e8ca4637b0989398bf4e2f","operation":"create_markdown","path":"projects/active/Library/notes.md","summary":"create file","timestamp":"2026-02-06T14:01:01.058142+00:00"}
{"commitSha":"fe77c1becb057f8e13a61063e0983813bce5c3c5","operation":"write_markdown","path":"projects/active/Library/spec.md","summary":"append","timestamp":"2026-02-06T14:01:04.820934+00:00"}
{"commitSha":"d3e847bf2bb1250c397ce9b9f07ca537b9187878","operation":"delete_markdown","path":"projects/active/Library/notes.md","summary":"delete file","timestamp":"2026-02-06T14:01:09.287977+00:00"}
{"commitSha":"72d8106e3ad8175ef7c0f7992bc0316dd61aba70","operation":"create_markdown","path":"projects/active/Library/notes.md","summary":"create file","timestamp":"2026-02-06T14:07:59.799621+00:00"}
{"commitSha":"a687be49973b140b637417bbf841793c007ab0e2","operation":"write_markdown","path":"projects/active/Library/notes.md","summary":"append","timestamp":"2026-02-06T14:08:01.981159+00:00"}
{"commitSha":"9498e0373e2472d5605347642568977a2558c244","operation":"edit_markdown","path":"projects/active/Library/spec.md","summary":"replace_section (## Scope)","timestamp":"2026-02-06T14:08:09.824896+00:00"}
{"commitSha":"4ca3471b6cda28bbd594f7eaad2315a8fb4f4a4a","operation":"delete_markdown","path":"projects/active/Library/notes.md","summary":"delete file","timestamp":"2026-02-06T14:08:43.268868+00:00"}
{"commitSha":"b8134c793104733b686a13f5e4b064f8a9c411db","operation":"write_markdown","path":"projects/active/Library/spec.md","summary":"append","timestamp":"2026-02-06T14:15:16.067086+00:00"}
{"commitSha":"725c8acec648190f4e1bf593eb75af9531606bc3","operation":"create_markdown","path":"projects/active/Library/notes.md","summary":"create file","timestamp":"2026-02-06T14:15:16.800354+00:00"}
{"commitSha":"98f2227ece94a9dce2411a7544ad0c171d7775f0","operation":"edit_markdown","path":"projects/active/Library/spec.md","summary":"replace_section (## Scope)","timestamp":"2026-02-06T14:15:17.505698+00:00"}
{"commitSha":"03bbfa62f19d275a127dc8e33d95d567f2c192d5","operation":"delete_markdown","path":"projects/active/Library/notes.md","summary":"delete file","timestamp":"2026-02-06T14:15:18.728138+00:00"}
{"commitSha":"5db6ffe90301105242560a78ea98c35c549c796a","operation":"create_markdown","path":"projects/active/Library/notes.md","summary":"create file","timestamp":"2026-02-06T14:23:15.830417+00:00"}
{"commitSha":"0c4d1881917d9a6528345c5a3da3288653a181e8","operation":"edit_markdown","path":"projects/active/Library/spec.md","summary":"replace_section (## Scope)","timestamp":"2026-02-06T14:23:16.504904+00:00"}
{"commitSha":"bac68f50278654324064dbcdf5010843b08bb9c2","operation":"delete_markdown","path":"projects/active/Library/notes.md","summary":"delete file","timestamp":"2026-02-06T14:23:17.742674+00:00"}
{"commitSha":"8c923e6521bf3fa676e2b77a86f8d991aa71c768","operation":"create_markdown","path":"projects/active/Library/notes.md","summary":"create file","timestamp":"2026-02-06T14:28:58.469868+00:00"}
{"commitSha":"de466acc7bf7d382bef46ef3df7675b3670c8093","operation":"delete_markdown","path":"projects/active/Library/notes.md","summary":"delete file","timestamp":"2026-02-06T14:46:50.902859+00:00"}
{"commitSha":"ac9f905e1120f8db39647e887027827d3bbea661","operation":"create_markdown","path":"projects/active/Library/notes.md","summary":"create file","timestamp":"2026-02-06T14:56:35.427973+00:00"}
{"commitSha":"f20b7a38f7a04def397038d39a540a985f37f3c1","operation":"delete_markdown","path":"projects/active/Library/notes.md","summary":"delete file","timestamp":"2026-02-06T14:56:42.373567+00:00"}
{"commitSha":"9d2e07755b11ec00e4281130d5e1c916ece46435","operation":"create_markdown","path":"projects/active/Library/notes.md","summary":"create file","timestamp":"2026-02-06T17:49:10.435826+00:00"}
{"commitSha":"00abce33e218e2d8558f68bd90df4db3fbaa6580","operation":"delete_markdown","path":"projects/active/Library/notes.md","summary":"delete file","timestamp":"2026-02-06T17:49:20.142812+00:00"}
{"commitSha":"cab5fafe8117280aa36b607a9fe65c605e7ff0ac","operation":"create_markdown","path":"projects/active/Library/notes.md","summary":"create file","timestamp":"2026-02-06T17:57:35.837756+00:00"}
{"commitSha":"50176d0c9714aa98d3076a2c5dfcf8236660fc88","operation":"delete_markdown","path":"projects/active/Library/notes.md","summary":"delete file","timestamp":"2026-02-06T17:57:44.934897+00:00"}
{"commitSha":"117d40db1a67e22d407f9886abf17587f72e835c","operation":"edit_markdown","path":"projects/active/Library/spec.md","summary":"replace_section (## Scope)","timestamp":"2026-02-06T18:05:49.278418+00:00"}
{"commitSha":"b68f896956afc91451a9339de77b5fca2bb1894e","operation":"create_markdown","path":"projects/active/Library/notes.md","summary":"create file","timestamp":"2026-02-06T18:19:14.273658+00:00"}
{"commitSha":"abaf4b46f52d95331bea95766569708bbb8bee14","operation":"delete_markdown","path":"projects/active/Library/notes.md","summary":"delete file","timestamp":"2026-02-06T18:19:21.569553+00:00"}
{"commitSha":"79df68f58414e0cab3edcc4eb36e7657042b38f9","operation":"create_markdown","path":"projects/active/Library/notes.md","summary":"create file","timestamp":"2026-02-06T18:20:46.628123+00:00"}
{"commitSha":"9f63f6c2a4b5606ea96e8600db1f1ad141e2a326","operation":"edit_markdown","path":"projects/active/Library/spec.md","summary":"replace_section (## Scope)","timestamp":"2026-02-06T18:20:49.259086+00:00"}
{"commitSha":"cedac43a7639c0c9866e9640070b02a119203cd7","operation":"delete_markdown","path":"projects/active/Library/notes.md","summary":"delete file","timestamp":"2026-02-06T18:20:50.770648+00:00"}
{"commitSha":"c1de4526a7e295440512805b626cba5840670c8a","operation":"create_markdown","path":"projects/active/Library/notes.md","summary":"create file","timestamp":"2026-02-06T18:23:29.908840+00:00"}
{"commitSha":"223678549da99a019ca0ac6e5fd3b1ad3f5c794b","operation":"edit_markdown","path":"projects/active/Library/spec.md","summary":"replace_section (## Scope)","timestamp":"2026-02-06T18:23:36.116110+00:00"}
{"commitSha":"6afd61e923687cb9b71b17303918f896dd9dac98","operation":"delete_markdown","path":"projects/active/Library/notes.md","summary":"delete file","timestamp":"2026-02-06T18:24:00.098549+00:00"}
{"commitSha":"50766889b850d7a66f5af263d8e3ae5178d845ef","operation":"create_markdown","path":"projects/active/Library/notes.md","summary":"create file","timestamp":"2026-02-06T18:29:04.180606+00:00"}
{"commitSha":"8814a969779e9c524607efda2547c48825d15064","operation":"edit_markdown","path":"projects/active/Library/spec.md","summary":"replace_section (## Scope)","timestamp":"2026-02-06T18:29:06.096420+00:00"}
{"commitSha":"ec3f2386f9effe4bcb9acdfdc1ae8d8285391ae3","operation":"delete_markdown","path":"projects/active/Library/notes.md","summary":"delete file","timestamp":"2026-02-06T18:29:08.446518+00:00"}
{"commitSha":"6830eb2068531913c70d65d57e5f80cfd810378a","operation":"create_markdown","path":"projects/active/Library/notes.md","summary":"create file","timestamp":"2026-02-06T18:30:31.005734+00:00"}
{"commitSha":"c6c5a7fbc645b80e89cc97159e1f1abaff22cef9","operation":"edit_markdown","path":"projects/active/Library/spec.md","summary":"replace_section (## Scope)","timestamp":"2026-02-06T18:30:32.591016+00:00"}
{"commitSha":"800575d98095869451ae4b4ab003a909fc3ac164","operation":"delete_markdown","path":"projects/active/Library/notes.md","summary":"delete file","timestamp":"2026-02-06T18:30:36.042195+00:00"}
{"commitSha":"56ff18eca39d314a5b02c62842dea319d0af3512","operation":"write_markdown","path":"projects/active/Library/spec.md","summary":"append","timestamp":"2026-02-06T18:43:05.207382+00:00"}
{"commitSha":"622036e9bd07048729d239760fbf915ad6db6374","operation":"create_markdown","path":"projects/active/Library/notes.md","summary":"create file","timestamp":"2026-02-06T18:43:07.225658+00:00"}
{"commitSha":"a2ea8469e3f13879c2dc6c05bf0e890e80c11d2e","operation":"write_markdown","path":"projects/active/Library/notes.md","summary":"append","timestamp":"2026-02-06T18:43:07.859968+00:00"}
{"commitSha":"891c9557e3325732d71ee94df73a1aefcb749390","operation":"write_markdown","path":"projects/active/Library/notes.md","summary":"append","timestamp":"2026-02-06T18:43:08.450459+00:00"}
{"commitSha":"230c73964c7ed889a47294b4e5126aab78e35625","operation":"edit_markdown","path":"projects/active/Library/spec.md","summary":"replace_section (## Scope)","timestamp":"2026-02-06T18:43:09.214593+00:00"}
{"commitSha":"cbe8d4b4da31f98d2b723f3154d86372ae9a5117","operation":"delete_markdown","path":"projects/active/Library/notes.md","summary":"delete file","timestamp":"2026-02-06T18:43:10.257994+00:00"}
{"commitSha":"2c8d05115a8f575c4cd7be9d701196a87b14ef8c","operation":"create_project","path":"projects/active/Library-20260206-134602","summary":"create project","timestamp":"2026-02-06T18:46:04.223849+00:00"}
{"commitSha":"c1f15574d36ddaddf05fece5afa4cbdb26874aec","operation":"write_markdown","path":"projects/active/Library-20260206-134602/spec.md","summary":"append","timestamp":"2026-02-06T18:46:04.983094+00:00"}
{"commitSha":"17bf8050b82225de5ad75bf02b200f228005fbcb","operation":"write_markdown","path":"projects/active/Library-20260206-134602/spec.md","summary":"append","timestamp":"2026-02-06T18:46:05.747375+00:00"}
{"commitSha":"c563ff0da8bf3b823a4c43d13213714c3f0abba5","operation":"write_markdown","path":"projects/active/Library-20260206-134602/spec.md","summary":"append","timestamp":"2026-02-06T18:46:06.511926+00:00"}
{"commitSha":"986d24a760f1bf6f91db81ceb325b4dff26466f4","operation":"write_markdown","path":"projects/active/Library-20260206-134602/spec.md","summary":"append","timestamp":"2026-02-06T18:46:07.266692+00:00"}
{"commitSha":"1e3df37a1be8a8c0bd7aeb817855e2ee7be08655","operation":"write_markdown","path":"projects/active/Library-20260206-134602/spec.md","summary":"append","timestamp":"2026-02-06T18:46:08.033934+00:00"}
{"commitSha":"eacfddff885680873971f86bf53c27d766dabb7a","operation":"write_markdown","path":"projects/active/Library-20260206-134602/spec.md","summary":"append","timestamp":"2026-02-06T18:46:09.332458+00:00"}
{"commitSha":"2f04e049868a422a34a24f4becb7f766040c0569","operation":"write_markdown","path":"projects/active/Library-20260206-134602/notes.md","summary":"append","timestamp":"2026-02-06T18:46:10.126550+00:00"}
{"commitSha":"f98ffa5acee5b129d32df921f1a3b80b7c170293","operation":"write_markdown","path":"projects/active/Library-20260206-134602/spec.md","summary":"append","timestamp":"2026-02-06T18:46:12.344260+00:00"}
{"commitSha":"e93569482fb07e2b9a3ad75f59eb538536920a19","operation":"write_markdown","path":"projects/active/Library-20260206-134602/notes.md","summary":"append","timestamp":"2026-02-06T18:46:13.851187+00:00"}
{"commitSha":"5fb92f7d8728d5997550a6879fac60eaf0a148ea","operation":"edit_markdown","path":"projects/active/Library-20260206-134602/spec.md","summary":"replace_section (## Scope)","timestamp":"2026-02-06T18:46:14.717092+00:00"}
{"commitSha":"e96cf3c074744e90537df37644bb1f333c29672f","operation":"delete_markdown","path":"projects/active/Library-20260206-134602/notes.md","summary":"delete file","timestamp":"2026-02-06T18:46:16.878884+00:00"}
{"commitSha":"37e2b1a0d80ee43e97edbb79ed35d3bbb86068fe","operation":"create_project","path":"projects/active/Library-20260206-134754","summary":"create project","timestamp":"2026-02-06T18:47:56.016185+00:00"}
{"commitSha":"e961f8c494e9a2c8f66d65121b55e7f3deb90853","operation":"write_markdown","path":"projects/active/Library-20260206-134754/notes.md","summary":"append","timestamp":"2026-02-06T18:47:57.881088+00:00"}
{"commitSha":"a6dd77f25db3b988e3098c60f762078670547083","operation":"edit_markdown","path":"projects/active/Library-20260206-134754/spec.md","summary":"replace_section (## Scope)","timestamp":"2026-02-06T18:47:59.652831+00:00"}
{"commitSha":"49c104caac4127f8cb68fa81d505cf5d909baea7","operation":"delete_markdown","path":"projects/active/Library-20260206-134754/notes.md","summary":"delete file","timestamp":"2026-02-06T18:48:01.405708+00:00"}
